<?xml version="1.0" encoding="UTF-8"?>
<!-- Generated by org.testng.reporters.JUnitReportReporter -->
<testsuite skipped="0" hostname="DESKTOP-RTFSPNK" name="com.fieldez.testcases.TC_Create_Expense" tests="2" failures="0" timestamp="16 May 2019 14:07:09 GMT" time="32.492" errors="0">
  <testcase name="LoginTest" time="11.242" classname="com.fieldez.testcases.TC_Create_Expense"/>
  <testcase name="CreateExpenseTest" time="21.250" classname="com.fieldez.testcases.TC_Create_Expense"/>
</testsuite> <!-- com.fieldez.testcases.TC_Create_Expense -->
